<?xml version="1.0" encoding="UTF-8" ?>
<testsuite failures="0" time="0.028" errors="0" skipped="0" tests="1" name="com.zorbit.utils.eImporter.AppTest">
  <properties>
    <property name="java.runtime.name" value="Java(TM) SE Runtime Environment"/>
    <property name="sun.boot.library.path" value="E:\develop\software\installers\java1.7.0_07\jdk\jre\bin"/>
    <property name="java.vm.version" value="23.3-b01"/>
    <property name="java.vm.vendor" value="Oracle Corporation"/>
    <property name="java.vendor.url" value="http://java.oracle.com/"/>
    <property name="path.separator" value=";"/>
    <property name="java.vm.name" value="Java HotSpot(TM) 64-Bit Server VM"/>
    <property name="file.encoding.pkg" value="sun.io"/>
    <property name="user.script" value=""/>
    <property name="user.country" value="CN"/>
    <property name="sun.java.launcher" value="SUN_STANDARD"/>
    <property name="sun.os.patch.level" value=""/>
    <property name="java.vm.specification.name" value="Java Virtual Machine Specification"/>
    <property name="user.dir" value="F:\stswk\utils\utils-eImporter"/>
    <property name="java.runtime.version" value="1.7.0_07-b11"/>
    <property name="java.awt.graphicsenv" value="sun.awt.Win32GraphicsEnvironment"/>
    <property name="basedir" value="F:\stswk\utils\utils-eImporter"/>
    <property name="java.endorsed.dirs" value="E:\develop\software\installers\java1.7.0_07\jdk\jre\lib\endorsed"/>
    <property name="os.arch" value="amd64"/>
    <property name="surefire.real.class.path" value="C:\Users\ADMINI~1\AppData\Local\Temp\surefirebooter5727490962436612887.jar"/>
    <property name="java.io.tmpdir" value="C:\Users\ADMINI~1\AppData\Local\Temp\"/>
    <property name="line.separator" value="
"/>
    <property name="java.vm.specification.vendor" value="Oracle Corporation"/>
    <property name="user.variant" value=""/>
    <property name="os.name" value="Windows 8"/>
    <property name="sun.jnu.encoding" value="GBK"/>
    <property name="java.library.path" value="E:\develop\software\installers\java1.7.0_07\jdk\jre\bin;C:\Windows\Sun\Java\bin;C:\Windows\system32;C:\Windows;E:/develop/software/installers/java1.7.0_07/jdk/bin/../jre/bin/server;E:/develop/software/installers/java1.7.0_07/jdk/bin/../jre/bin;E:/develop/software/installers/java1.7.0_07/jdk/bin/../jre/lib/amd64;C:\Windows\system32;C:\Windows;C:\Windows\System32\Wbem;C:\Windows\System32\WindowsPowerShell\v1.0\;C:\Program Files\Lenovo\Bluetooth Software\;C:\Program Files\Lenovo\Bluetooth Software\syswow64;P:\MSSQL2008R2\Microsoft SQL Server(x86)\100\Tools\Binn\VSShell\Common7\IDE\;P:\MSSQL2008R2\Microsoft SQL Server(x86)\100\Tools\Binn\;P:\MSSQL2008R2\Microsoft SQL Server\100\Tools\Binn\;P:\MSSQL2008R2\Microsoft SQL Server(x86)\100\DTS\Binn\;P:\MSSQL2008R2\Microsoft SQL Server\100\DTS\Binn\;E:\develop\software\installers\java1.7.0_07\jdk\bin;E:\develop\software\installers\apache-maven-2.2.1\bin;P:\dev\soft\ins\adt-bundle-windows-x86_64-20140321\sdk\tools;P:\dev\soft\ins\adt-bundle-windows-x86_64-20140321\sdk\platform-tools;E:\develop\software\installers\eclipse-jee\eclipse;;."/>
    <property name="surefire.test.class.path" value="F:\stswk\utils\utils-eImporter\target\test-classes;F:\stswk\utils\utils-eImporter\target\classes;F:\stswk\utils\utils-commonz\target\utils-commonz-1-SNAPSHOT.jar;D:\Development\maven\repository3\commons-lang\commons-lang\2.6\commons-lang-2.6.jar;D:\Development\maven\repository3\commons-beanutils\commons-beanutils\1.9.1\commons-beanutils-1.9.1.jar;D:\Development\maven\repository3\commons-logging\commons-logging\1.1.1\commons-logging-1.1.1.jar;D:\Development\maven\repository3\commons-collections\commons-collections\3.2.1\commons-collections-3.2.1.jar;D:\Development\maven\repository3\log4j\log4j\1.2.9\log4j-1.2.9.jar;D:\Development\maven\repository3\commons-fileupload\commons-fileupload\1.2.2\commons-fileupload-1.2.2.jar;D:\Development\maven\repository3\dom4j\dom4j\1.6.1\dom4j-1.6.1.jar;D:\Development\maven\repository3\xml-apis\xml-apis\1.0.b2\xml-apis-1.0.b2.jar;D:\Development\maven\repository3\jaxen\jaxen\1.1.4\jaxen-1.1.4.jar;D:\Development\maven\repository3\org\apache\poi\poi\3.9\poi-3.9.jar;D:\Development\maven\repository3\commons-codec\commons-codec\1.5\commons-codec-1.5.jar;D:\Development\maven\repository3\junit\junit\3.8.1\junit-3.8.1.jar;"/>
    <property name="java.specification.name" value="Java Platform API Specification"/>
    <property name="java.class.version" value="51.0"/>
    <property name="sun.management.compiler" value="HotSpot 64-Bit Tiered Compilers"/>
    <property name="os.version" value="6.2"/>
    <property name="user.home" value="C:\Users\Administrator"/>
    <property name="user.timezone" value=""/>
    <property name="java.awt.printerjob" value="sun.awt.windows.WPrinterJob"/>
    <property name="java.specification.version" value="1.7"/>
    <property name="file.encoding" value="GBK"/>
    <property name="user.name" value="Administrator"/>
    <property name="java.class.path" value="F:\stswk\utils\utils-eImporter\target\test-classes;F:\stswk\utils\utils-eImporter\target\classes;F:\stswk\utils\utils-commonz\target\utils-commonz-1-SNAPSHOT.jar;D:\Development\maven\repository3\commons-lang\commons-lang\2.6\commons-lang-2.6.jar;D:\Development\maven\repository3\commons-beanutils\commons-beanutils\1.9.1\commons-beanutils-1.9.1.jar;D:\Development\maven\repository3\commons-logging\commons-logging\1.1.1\commons-logging-1.1.1.jar;D:\Development\maven\repository3\commons-collections\commons-collections\3.2.1\commons-collections-3.2.1.jar;D:\Development\maven\repository3\log4j\log4j\1.2.9\log4j-1.2.9.jar;D:\Development\maven\repository3\commons-fileupload\commons-fileupload\1.2.2\commons-fileupload-1.2.2.jar;D:\Development\maven\repository3\dom4j\dom4j\1.6.1\dom4j-1.6.1.jar;D:\Development\maven\repository3\xml-apis\xml-apis\1.0.b2\xml-apis-1.0.b2.jar;D:\Development\maven\repository3\jaxen\jaxen\1.1.4\jaxen-1.1.4.jar;D:\Development\maven\repository3\org\apache\poi\poi\3.9\poi-3.9.jar;D:\Development\maven\repository3\commons-codec\commons-codec\1.5\commons-codec-1.5.jar;D:\Development\maven\repository3\junit\junit\3.8.1\junit-3.8.1.jar;"/>
    <property name="java.vm.specification.version" value="1.7"/>
    <property name="sun.arch.data.model" value="64"/>
    <property name="java.home" value="E:\develop\software\installers\java1.7.0_07\jdk\jre"/>
    <property name="sun.java.command" value="C:\Users\ADMINI~1\AppData\Local\Temp\surefirebooter5727490962436612887.jar C:\Users\ADMINI~1\AppData\Local\Temp\surefire2467427159644917021tmp C:\Users\ADMINI~1\AppData\Local\Temp\surefire996276229075086125tmp"/>
    <property name="java.specification.vendor" value="Oracle Corporation"/>
    <property name="user.language" value="zh"/>
    <property name="awt.toolkit" value="sun.awt.windows.WToolkit"/>
    <property name="java.vm.info" value="mixed mode"/>
    <property name="java.version" value="1.7.0_07"/>
    <property name="java.ext.dirs" value="E:\develop\software\installers\java1.7.0_07\jdk\jre\lib\ext;C:\Windows\Sun\Java\lib\ext"/>
    <property name="sun.boot.class.path" value="E:\develop\software\installers\java1.7.0_07\jdk\jre\lib\resources.jar;E:\develop\software\installers\java1.7.0_07\jdk\jre\lib\rt.jar;E:\develop\software\installers\java1.7.0_07\jdk\jre\lib\sunrsasign.jar;E:\develop\software\installers\java1.7.0_07\jdk\jre\lib\jsse.jar;E:\develop\software\installers\java1.7.0_07\jdk\jre\lib\jce.jar;E:\develop\software\installers\java1.7.0_07\jdk\jre\lib\charsets.jar;E:\develop\software\installers\java1.7.0_07\jdk\jre\lib\jfr.jar;E:\develop\software\installers\java1.7.0_07\jdk\jre\classes"/>
    <property name="java.vendor" value="Oracle Corporation"/>
    <property name="localRepository" value="D:/Development/maven/repository3"/>
    <property name="file.separator" value="\"/>
    <property name="java.vendor.url.bug" value="http://bugreport.sun.com/bugreport/"/>
    <property name="sun.cpu.endian" value="little"/>
    <property name="sun.io.unicode.encoding" value="UnicodeLittle"/>
    <property name="sun.desktop" value="windows"/>
    <property name="sun.cpu.isalist" value="amd64"/>
  </properties>
  <testcase time="0.003" classname="com.zorbit.utils.eImporter.AppTest" name="testApp"/>
</testsuite>